<?xml version="1.0" encoding="UTF-8"?>
<testng-results ignored="0" total="1" passed="1" failed="0" skipped="0">
  <reporter-output>
  </reporter-output>
  <suite started-at="2020-11-05T16:43:57 IST" name="Default suite" finished-at="2020-11-05T16:44:34 IST" duration-ms="37182">
    <groups>
    </groups>
    <test started-at="2020-11-05T16:43:57 IST" name="Default test" finished-at="2020-11-05T16:44:34 IST" duration-ms="37182">
      <class name="com.qa.Testcases.Logintest">
        <test-method signature="logintest()[pri:0, instance:com.qa.Testcases.Logintest@4445629]" started-at="2020-11-05T16:43:57 IST" name="logintest" finished-at="2020-11-05T16:44:34 IST" duration-ms="37149" status="PASS">
          <reporter-output>
          </reporter-output>
        </test-method> <!-- logintest -->
      </class> <!-- com.qa.Testcases.Logintest -->
    </test> <!-- Default test -->
  </suite> <!-- Default suite -->
</testng-results>
